  [1m[35m (335.1ms)[0m  [1m[35mCREATE DATABASE "fitness_tracker_app_be_development" ENCODING = 'unicode'[0m
  [1m[35m (198.5ms)[0m  [1m[35mCREATE DATABASE "fitness_tracker_app_be_test" ENCODING = 'unicode'[0m
  [1m[35m (48.4ms)[0m  [1m[35mCREATE TABLE "schema_migrations" ("version" character varying NOT NULL PRIMARY KEY)[0m
  [1m[35m (10.9ms)[0m  [1m[35mCREATE TABLE "ar_internal_metadata" ("key" character varying NOT NULL PRIMARY KEY, "value" character varying, "created_at" timestamp(6) NOT NULL, "updated_at" timestamp(6) NOT NULL)[0m
  [1m[35m (6.8ms)[0m  [1m[34mSELECT pg_try_advisory_lock(1147545173809470975)[0m
  [1m[35m (3.0ms)[0m  [1m[34mSELECT "schema_migrations"."version" FROM "schema_migrations" ORDER BY "schema_migrations"."version" ASC[0m
Migrating to CreateUsers (20210304030343)
  [1m[36mTRANSACTION (2.3ms)[0m  [1m[35mBEGIN[0m
  [1m[35m (24.8ms)[0m  [1m[35mCREATE TABLE "users" ("id" bigserial primary key, "username" character varying, "password_digest" character varying, "created_at" timestamp(6) NOT NULL, "updated_at" timestamp(6) NOT NULL)[0m
  [1m[36mActiveRecord::SchemaMigration Create (5.6ms)[0m  [1m[32mINSERT INTO "schema_migrations" ("version") VALUES ($1) RETURNING "version"[0m  [["version", "20210304030343"]]
  [1m[36mTRANSACTION (2.6ms)[0m  [1m[35mCOMMIT[0m
  [1m[36mActiveRecord::InternalMetadata Load (3.2ms)[0m  [1m[34mSELECT "ar_internal_metadata".* FROM "ar_internal_metadata" WHERE "ar_internal_metadata"."key" = $1 LIMIT $2[0m  [["key", "environment"], ["LIMIT", 1]]
  [1m[36mTRANSACTION (0.3ms)[0m  [1m[35mBEGIN[0m
  [1m[36mActiveRecord::InternalMetadata Create (3.0ms)[0m  [1m[32mINSERT INTO "ar_internal_metadata" ("key", "value", "created_at", "updated_at") VALUES ($1, $2, $3, $4) RETURNING "key"[0m  [["key", "environment"], ["value", "development"], ["created_at", "2021-03-04 03:06:25.435139"], ["updated_at", "2021-03-04 03:06:25.435139"]]
  [1m[36mTRANSACTION (2.3ms)[0m  [1m[35mCOMMIT[0m
  [1m[35m (19.7ms)[0m  [1m[34mSELECT pg_advisory_unlock(1147545173809470975)[0m
  [1m[35m (1.5ms)[0m  [1m[34mSELECT "schema_migrations"."version" FROM "schema_migrations" ORDER BY "schema_migrations"."version" ASC[0m
  [1m[35m (1.2ms)[0m  [1m[34mSELECT "schema_migrations"."version" FROM "schema_migrations" ORDER BY "schema_migrations"."version" ASC[0m
  [1m[36mTRANSACTION (1.2ms)[0m  [1m[35mBEGIN[0m
  [1m[36mUser Create (1.9ms)[0m  [1m[32mINSERT INTO "users" ("username", "password_digest", "created_at", "updated_at") VALUES ($1, $2, $3, $4) RETURNING "id"[0m  [["username", "raymondred"], ["password_digest", "$2a$12$F/Tf1LM1eSNqpT8.z/leZ.7MxLrXFLRdEUppX9aZ1QV8QQ9gc8ZLC"], ["created_at", "2021-03-04 03:09:41.738385"], ["updated_at", "2021-03-04 03:09:41.738385"]]
  [1m[36mTRANSACTION (4.9ms)[0m  [1m[35mCOMMIT[0m
  [1m[36mUser Load (1.1ms)[0m  [1m[34mSELECT "users".* FROM "users"[0m
Started GET "/" for ::1 at 2021-03-03 19:21:31 -0800
  [1m[35m (0.9ms)[0m  [1m[34mSELECT "schema_migrations"."version" FROM "schema_migrations" ORDER BY "schema_migrations"."version" ASC[0m
Processing by Rails::WelcomeController#index as HTML
  Rendering /Users/TroyLemonsJr/.rbenv/versions/2.7.2/lib/ruby/gems/2.7.0/gems/railties-6.1.3/lib/rails/templates/rails/welcome/index.html.erb
  Rendered /Users/TroyLemonsJr/.rbenv/versions/2.7.2/lib/ruby/gems/2.7.0/gems/railties-6.1.3/lib/rails/templates/rails/welcome/index.html.erb (Duration: 25.0ms | Allocations: 402)
Completed 200 OK in 108ms (Views: 51.7ms | ActiveRecord: 0.0ms | Allocations: 3431)


Started GET "/login" for ::1 at 2021-03-03 19:21:50 -0800
  
ActionController::RoutingError (No route matches [GET] "/login"):
  
Started GET "/" for ::1 at 2021-03-03 19:22:05 -0800
Processing by Rails::WelcomeController#index as HTML
  Rendering /Users/TroyLemonsJr/.rbenv/versions/2.7.2/lib/ruby/gems/2.7.0/gems/railties-6.1.3/lib/rails/templates/rails/welcome/index.html.erb
  Rendered /Users/TroyLemonsJr/.rbenv/versions/2.7.2/lib/ruby/gems/2.7.0/gems/railties-6.1.3/lib/rails/templates/rails/welcome/index.html.erb (Duration: 25.3ms | Allocations: 178)
Completed 200 OK in 34ms (Views: 27.3ms | ActiveRecord: 0.0ms | Allocations: 808)


Started POST "/login" for ::1 at 2021-03-03 19:23:30 -0800
Processing by UsersController#login as */*
  Parameters: {"username"=>"raymondred", "password"=>"[FILTERED]", "user"=>{"username"=>"raymondred"}}
  [1m[36mUser Load (0.8ms)[0m  [1m[34mSELECT "users".* FROM "users" WHERE "users"."username" = $1 LIMIT $2[0m  [["username", "raymondred"], ["LIMIT", 1]]
  ↳ app/controllers/users_controller.rb:17:in `login'
Completed 200 OK in 317ms (Views: 2.3ms | ActiveRecord: 13.5ms | Allocations: 3756)


Started GET "/auto_login" for ::1 at 2021-03-03 19:25:12 -0800
Processing by UsersController#auto_login as */*
  Parameters: {"username"=>"raymondred", "password"=>"[FILTERED]", "user"=>{"username"=>"raymondred"}}
  [1m[36mUser Load (2.0ms)[0m  [1m[34mSELECT "users".* FROM "users" WHERE "users"."id" = $1 LIMIT $2[0m  [["id", 1], ["LIMIT", 1]]
  ↳ app/controllers/application_controller.rb:28:in `logged_in_user'
Completed 200 OK in 17ms (Views: 0.5ms | ActiveRecord: 2.0ms | Allocations: 932)


Started GET "/auto_login" for ::1 at 2021-03-03 19:25:27 -0800
Processing by UsersController#auto_login as */*
  Parameters: {"username"=>"raymondred", "password"=>"[FILTERED]", "user"=>{"username"=>"raymondred"}}
Filter chain halted as :authorized rendered or redirected
Completed 401 Unauthorized in 1ms (Views: 0.9ms | ActiveRecord: 0.0ms | Allocations: 109)


Started GET "/auto_login" for ::1 at 2021-03-03 19:25:29 -0800
Processing by UsersController#auto_login as */*
  Parameters: {"username"=>"raymondred", "password"=>"[FILTERED]", "user"=>{"username"=>"raymondred"}}
  [1m[36mUser Load (2.3ms)[0m  [1m[34mSELECT "users".* FROM "users" WHERE "users"."id" = $1 LIMIT $2[0m  [["id", 1], ["LIMIT", 1]]
  ↳ app/controllers/application_controller.rb:28:in `logged_in_user'
Completed 200 OK in 5ms (Views: 0.3ms | ActiveRecord: 2.3ms | Allocations: 807)


  [1m[35m (0.3ms)[0m  [1m[34mSELECT pg_try_advisory_lock(1147545173809470975)[0m
  [1m[35m (1.2ms)[0m  [1m[34mSELECT "schema_migrations"."version" FROM "schema_migrations" ORDER BY "schema_migrations"."version" ASC[0m
Migrating to CreateNotes (20210304033123)
  [1m[36mTRANSACTION (0.5ms)[0m  [1m[35mBEGIN[0m
  [1m[35m (93.0ms)[0m  [1m[35mCREATE TABLE "notes" ("id" bigserial primary key, "message" character varying, "user_id" bigint NOT NULL, "created_at" timestamp(6) NOT NULL, "updated_at" timestamp(6) NOT NULL, CONSTRAINT "fk_rails_7f2323ad43"
FOREIGN KEY ("user_id")
  REFERENCES "users" ("id")
)[0m
  [1m[35m (30.2ms)[0m  [1m[35mCREATE INDEX "index_notes_on_user_id" ON "notes" ("user_id")[0m
  [1m[36mActiveRecord::SchemaMigration Create (0.5ms)[0m  [1m[32mINSERT INTO "schema_migrations" ("version") VALUES ($1) RETURNING "version"[0m  [["version", "20210304033123"]]
  [1m[36mTRANSACTION (3.1ms)[0m  [1m[35mCOMMIT[0m
  [1m[36mActiveRecord::InternalMetadata Load (11.3ms)[0m  [1m[34mSELECT "ar_internal_metadata".* FROM "ar_internal_metadata" WHERE "ar_internal_metadata"."key" = $1 LIMIT $2[0m  [["key", "environment"], ["LIMIT", 1]]
  [1m[35m (0.5ms)[0m  [1m[34mSELECT pg_advisory_unlock(1147545173809470975)[0m
  [1m[35m (1.3ms)[0m  [1m[34mSELECT "schema_migrations"."version" FROM "schema_migrations" ORDER BY "schema_migrations"."version" ASC[0m
Started GET "/notes" for ::1 at 2021-03-03 19:38:45 -0800
  [1m[35m (1.9ms)[0m  [1m[34mSELECT "schema_migrations"."version" FROM "schema_migrations" ORDER BY "schema_migrations"."version" ASC[0m
Processing by NotesController#index as */*
  Parameters: {"username"=>"raymondred", "password"=>"[FILTERED]", "note"=>{}}
  [1m[36mUser Load (0.8ms)[0m  [1m[34mSELECT "users".* FROM "users" WHERE "users"."id" = $1 LIMIT $2[0m  [["id", 1], ["LIMIT", 1]]
  ↳ app/controllers/application_controller.rb:28:in `logged_in_user'
  [1m[36mNote Load (1.7ms)[0m  [1m[34mSELECT "notes".* FROM "notes" WHERE "notes"."user_id" = $1[0m  [["user_id", 1]]
  ↳ app/controllers/notes_controller.rb:11:in `index'
Completed 200 OK in 46ms (Views: 2.7ms | ActiveRecord: 12.2ms | Allocations: 6314)


Started POST "/notes" for ::1 at 2021-03-03 19:39:42 -0800
Processing by NotesController#create as */*
  Parameters: {"message"=>"please please sign in", "user_id"=>"1", "note"=>{"message"=>"please please sign in", "user_id"=>"1"}}
  [1m[36mUser Load (3.0ms)[0m  [1m[34mSELECT "users".* FROM "users" WHERE "users"."id" = $1 LIMIT $2[0m  [["id", 1], ["LIMIT", 1]]
  ↳ app/controllers/application_controller.rb:28:in `logged_in_user'
  [1m[36mCACHE User Load (0.0ms)[0m  [1m[34mSELECT "users".* FROM "users" WHERE "users"."id" = $1 LIMIT $2[0m  [["id", 1], ["LIMIT", 1]]
  ↳ app/controllers/notes_controller.rb:24:in `create'
  [1m[36mTRANSACTION (0.2ms)[0m  [1m[35mBEGIN[0m
  ↳ app/controllers/notes_controller.rb:24:in `create'
  [1m[36mNote Create (20.3ms)[0m  [1m[32mINSERT INTO "notes" ("id", "message", "user_id", "created_at", "updated_at") VALUES ($1, $2, $3, $4, $5) RETURNING "id"[0m  [["id", 1], ["message", "please please sign in"], ["user_id", 1], ["created_at", "2021-03-04 03:39:42.727441"], ["updated_at", "2021-03-04 03:39:42.727441"]]
  ↳ app/controllers/notes_controller.rb:24:in `create'
  [1m[36mTRANSACTION (4.5ms)[0m  [1m[35mCOMMIT[0m
  ↳ app/controllers/notes_controller.rb:24:in `create'
Completed 201 Created in 223ms (Views: 6.3ms | ActiveRecord: 35.4ms | Allocations: 8961)


Started POST "/notes" for ::1 at 2021-03-03 19:39:59 -0800
Processing by NotesController#create as */*
  Parameters: {"message"=>"turn back", "user_id"=>"2", "note"=>{"message"=>"turn back", "user_id"=>"2"}}
  [1m[36mUser Load (1.4ms)[0m  [1m[34mSELECT "users".* FROM "users" WHERE "users"."id" = $1 LIMIT $2[0m  [["id", 1], ["LIMIT", 1]]
  ↳ app/controllers/application_controller.rb:28:in `logged_in_user'
  [1m[36mTRANSACTION (4.1ms)[0m  [1m[35mBEGIN[0m
  ↳ app/controllers/notes_controller.rb:24:in `create'
  [1m[36mUser Load (1.5ms)[0m  [1m[34mSELECT "users".* FROM "users" WHERE "users"."id" = $1 LIMIT $2[0m  [["id", 2], ["LIMIT", 1]]
  ↳ app/controllers/notes_controller.rb:24:in `create'
  [1m[36mTRANSACTION (2.5ms)[0m  [1m[31mROLLBACK[0m
  ↳ app/controllers/notes_controller.rb:24:in `create'
Completed 422 Unprocessable Entity in 114ms (Views: 94.3ms | ActiveRecord: 9.5ms | Allocations: 5287)


